{"E:\\Studying\\Projects\\redux-starter\\src\\math.js": {"path":"E:\\Studying\\Projects\\redux-starter\\src\\math.js","statementMap":{"0":{"start":{"line":1,"column":22},"end":{"line":1,"column":48}},"1":{"start":{"line":1,"column":32},"end":{"line":1,"column":48}}},"fnMap":{"0":{"name":"(anonymous_0)","decl":{"start":{"line":1,"column":22},"end":{"line":1,"column":23}},"loc":{"start":{"line":1,"column":32},"end":{"line":1,"column":48}},"line":1}},"branchMap":{},"s":{"0":1,"1":2},"f":{"0":2},"b":{},"_coverageSchema":"1a1c01bbd47fc00a2c39e90264f33305004495a9","hash":"7d56f25da74b50182cb63607306428b9df5dd578"}
,"E:\\Studying\\Projects\\redux-starter\\src\\store\\api.js": {"path":"E:\\Studying\\Projects\\redux-starter\\src\\store\\api.js","statementMap":{"0":{"start":{"line":3,"column":28},"end":{"line":3,"column":57}},"1":{"start":{"line":4,"column":30},"end":{"line":4,"column":61}},"2":{"start":{"line":5,"column":29},"end":{"line":5,"column":59}}},"fnMap":{},"branchMap":{},"s":{"0":1,"1":1,"2":1},"f":{},"b":{},"_coverageSchema":"1a1c01bbd47fc00a2c39e90264f33305004495a9","hash":"8e8ed3b5972045a6de3763066fddf6d8108c002c"}
,"E:\\Studying\\Projects\\redux-starter\\src\\store\\bugs.js": {"path":"E:\\Studying\\Projects\\redux-starter\\src\\store\\bugs.js","statementMap":{"0":{"start":{"line":6,"column":14},"end":{"line":39,"column":2}},"1":{"start":{"line":16,"column":3},"end":{"line":16,"column":23}},"2":{"start":{"line":19,"column":3},"end":{"line":19,"column":24}},"3":{"start":{"line":22,"column":3},"end":{"line":22,"column":30}},"4":{"start":{"line":23,"column":3},"end":{"line":23,"column":24}},"5":{"start":{"line":24,"column":3},"end":{"line":24,"column":31}},"6":{"start":{"line":27,"column":33},"end":{"line":27,"column":47}},"7":{"start":{"line":28,"column":17},"end":{"line":28,"column":61}},"8":{"start":{"line":28,"column":44},"end":{"line":28,"column":60}},"9":{"start":{"line":29,"column":3},"end":{"line":29,"column":36}},"10":{"start":{"line":32,"column":3},"end":{"line":32,"column":34}},"11":{"start":{"line":35,"column":17},"end":{"line":35,"column":73}},"12":{"start":{"line":35,"column":44},"end":{"line":35,"column":72}},"13":{"start":{"line":36,"column":3},"end":{"line":36,"column":36}},"14":{"start":{"line":48,"column":4},"end":{"line":48,"column":17}},"15":{"start":{"line":52,"column":12},"end":{"line":52,"column":19}},"16":{"start":{"line":54,"column":24},"end":{"line":69,"column":1}},"17":{"start":{"line":54,"column":30},"end":{"line":69,"column":1}},"18":{"start":{"line":55,"column":23},"end":{"line":55,"column":47}},"19":{"start":{"line":57,"column":23},"end":{"line":57,"column":66}},"20":{"start":{"line":59,"column":1},"end":{"line":59,"column":32}},"21":{"start":{"line":59,"column":25},"end":{"line":59,"column":32}},"22":{"start":{"line":61,"column":1},"end":{"line":68,"column":3}},"23":{"start":{"line":71,"column":22},"end":{"line":77,"column":3}},"24":{"start":{"line":72,"column":1},"end":{"line":77,"column":3}},"25":{"start":{"line":79,"column":26},"end":{"line":86,"column":3}},"26":{"start":{"line":80,"column":1},"end":{"line":86,"column":3}},"27":{"start":{"line":88,"column":31},"end":{"line":94,"column":3}},"28":{"start":{"line":89,"column":1},"end":{"line":94,"column":3}},"29":{"start":{"line":98,"column":33},"end":{"line":102,"column":1}},"30":{"start":{"line":99,"column":10},"end":{"line":99,"column":29}},"31":{"start":{"line":100,"column":10},"end":{"line":100,"column":33}},"32":{"start":{"line":101,"column":21},"end":{"line":101,"column":59}},"33":{"start":{"line":101,"column":45},"end":{"line":101,"column":58}},"34":{"start":{"line":104,"column":29},"end":{"line":108,"column":2}},"35":{"start":{"line":105,"column":1},"end":{"line":108,"column":2}},"36":{"start":{"line":106,"column":11},"end":{"line":106,"column":30}},"37":{"start":{"line":107,"column":10},"end":{"line":107,"column":51}},"38":{"start":{"line":107,"column":29},"end":{"line":107,"column":50}}},"fnMap":{"0":{"name":"(anonymous_0)","decl":{"start":{"line":15,"column":17},"end":{"line":15,"column":18}},"loc":{"start":{"line":15,"column":35},"end":{"line":17,"column":3}},"line":15},"1":{"name":"(anonymous_1)","decl":{"start":{"line":18,"column":21},"end":{"line":18,"column":22}},"loc":{"start":{"line":18,"column":39},"end":{"line":20,"column":3}},"line":18},"2":{"name":"(anonymous_2)","decl":{"start":{"line":21,"column":16},"end":{"line":21,"column":17}},"loc":{"start":{"line":21,"column":34},"end":{"line":25,"column":3}},"line":21},"3":{"name":"(anonymous_3)","decl":{"start":{"line":26,"column":21},"end":{"line":26,"column":22}},"loc":{"start":{"line":26,"column":39},"end":{"line":30,"column":3}},"line":26},"4":{"name":"(anonymous_4)","decl":{"start":{"line":28,"column":37},"end":{"line":28,"column":38}},"loc":{"start":{"line":28,"column":44},"end":{"line":28,"column":60}},"line":28},"5":{"name":"(anonymous_5)","decl":{"start":{"line":31,"column":12},"end":{"line":31,"column":13}},"loc":{"start":{"line":31,"column":30},"end":{"line":33,"column":3}},"line":31},"6":{"name":"(anonymous_6)","decl":{"start":{"line":34,"column":15},"end":{"line":34,"column":16}},"loc":{"start":{"line":34,"column":33},"end":{"line":37,"column":3}},"line":34},"7":{"name":"(anonymous_7)","decl":{"start":{"line":35,"column":37},"end":{"line":35,"column":38}},"loc":{"start":{"line":35,"column":44},"end":{"line":35,"column":72}},"line":35},"8":{"name":"(anonymous_8)","decl":{"start":{"line":54,"column":24},"end":{"line":54,"column":25}},"loc":{"start":{"line":54,"column":30},"end":{"line":69,"column":1}},"line":54},"9":{"name":"(anonymous_9)","decl":{"start":{"line":54,"column":30},"end":{"line":54,"column":31}},"loc":{"start":{"line":54,"column":54},"end":{"line":69,"column":1}},"line":54},"10":{"name":"(anonymous_10)","decl":{"start":{"line":71,"column":22},"end":{"line":71,"column":23}},"loc":{"start":{"line":72,"column":1},"end":{"line":77,"column":3}},"line":72},"11":{"name":"(anonymous_11)","decl":{"start":{"line":79,"column":26},"end":{"line":79,"column":27}},"loc":{"start":{"line":80,"column":1},"end":{"line":86,"column":3}},"line":80},"12":{"name":"(anonymous_12)","decl":{"start":{"line":88,"column":31},"end":{"line":88,"column":32}},"loc":{"start":{"line":89,"column":1},"end":{"line":94,"column":3}},"line":89},"13":{"name":"(anonymous_13)","decl":{"start":{"line":99,"column":1},"end":{"line":99,"column":2}},"loc":{"start":{"line":99,"column":10},"end":{"line":99,"column":29}},"line":99},"14":{"name":"(anonymous_14)","decl":{"start":{"line":100,"column":1},"end":{"line":100,"column":2}},"loc":{"start":{"line":100,"column":10},"end":{"line":100,"column":33}},"line":100},"15":{"name":"(anonymous_15)","decl":{"start":{"line":101,"column":1},"end":{"line":101,"column":2}},"loc":{"start":{"line":101,"column":21},"end":{"line":101,"column":59}},"line":101},"16":{"name":"(anonymous_16)","decl":{"start":{"line":101,"column":38},"end":{"line":101,"column":39}},"loc":{"start":{"line":101,"column":45},"end":{"line":101,"column":58}},"line":101},"17":{"name":"(anonymous_17)","decl":{"start":{"line":104,"column":29},"end":{"line":104,"column":30}},"loc":{"start":{"line":105,"column":1},"end":{"line":108,"column":2}},"line":105},"18":{"name":"(anonymous_18)","decl":{"start":{"line":106,"column":2},"end":{"line":106,"column":3}},"loc":{"start":{"line":106,"column":11},"end":{"line":106,"column":30}},"line":106},"19":{"name":"(anonymous_19)","decl":{"start":{"line":107,"column":2},"end":{"line":107,"column":3}},"loc":{"start":{"line":107,"column":10},"end":{"line":107,"column":51}},"line":107},"20":{"name":"(anonymous_20)","decl":{"start":{"line":107,"column":22},"end":{"line":107,"column":23}},"loc":{"start":{"line":107,"column":29},"end":{"line":107,"column":50}},"line":107}},"branchMap":{"0":{"loc":{"start":{"line":59,"column":1},"end":{"line":59,"column":32}},"type":"if","locations":[{"start":{"line":59,"column":1},"end":{"line":59,"column":32}},{"start":{},"end":{}}],"line":59}},"s":{"0":1,"1":5,"2":1,"3":4,"4":4,"5":4,"6":0,"7":0,"8":0,"9":0,"10":3,"11":1,"12":1,"13":1,"14":1,"15":1,"16":1,"17":6,"18":6,"19":6,"20":6,"21":1,"22":5,"23":1,"24":4,"25":1,"26":2,"27":1,"28":0,"29":1,"30":1,"31":1,"32":1,"33":3,"34":1,"35":0,"36":0,"37":0,"38":0},"f":{"0":5,"1":1,"2":4,"3":0,"4":0,"5":3,"6":1,"7":1,"8":6,"9":6,"10":4,"11":2,"12":0,"13":1,"14":1,"15":1,"16":3,"17":0,"18":0,"19":0,"20":0},"b":{"0":[1,5]},"_coverageSchema":"1a1c01bbd47fc00a2c39e90264f33305004495a9","hash":"012edbfa19c856a4bdcbaa6f172129ad8a13c2f5"}
,"E:\\Studying\\Projects\\redux-starter\\src\\store\\configureStore.js": {"path":"E:\\Studying\\Projects\\redux-starter\\src\\store\\configureStore.js","statementMap":{"0":{"start":{"line":8,"column":1},"end":{"line":16,"column":4}}},"fnMap":{"0":{"name":"(anonymous_0)","decl":{"start":{"line":7,"column":15},"end":{"line":7,"column":16}},"loc":{"start":{"line":7,"column":27},"end":{"line":17,"column":1}},"line":7}},"branchMap":{},"s":{"0":10},"f":{"0":10},"b":{},"_coverageSchema":"1a1c01bbd47fc00a2c39e90264f33305004495a9","hash":"27426c0f35dabc837edf92cb78ee6918d42f64b5"}
,"E:\\Studying\\Projects\\redux-starter\\src\\store\\entities.js": {"path":"E:\\Studying\\Projects\\redux-starter\\src\\store\\entities.js","statementMap":{},"fnMap":{},"branchMap":{},"s":{},"f":{},"b":{},"_coverageSchema":"1a1c01bbd47fc00a2c39e90264f33305004495a9","hash":"42df64cd610b01661bb8338da0d9606dface5222"}
,"E:\\Studying\\Projects\\redux-starter\\src\\store\\projects.js": {"path":"E:\\Studying\\Projects\\redux-starter\\src\\store\\projects.js","statementMap":{"0":{"start":{"line":2,"column":13},"end":{"line":2,"column":14}},"1":{"start":{"line":4,"column":14},"end":{"line":16,"column":2}},"2":{"start":{"line":10,"column":3},"end":{"line":13,"column":6}},"3":{"start":{"line":18,"column":32},"end":{"line":18,"column":45}}},"fnMap":{"0":{"name":"(anonymous_0)","decl":{"start":{"line":9,"column":16},"end":{"line":9,"column":17}},"loc":{"start":{"line":9,"column":38},"end":{"line":14,"column":3}},"line":9}},"branchMap":{},"s":{"0":1,"1":1,"2":0,"3":1},"f":{"0":0},"b":{},"_coverageSchema":"1a1c01bbd47fc00a2c39e90264f33305004495a9","hash":"0f7701aa77608bf556c6da2ccab24aea871dab71"}
,"E:\\Studying\\Projects\\redux-starter\\src\\store\\reducer.js": {"path":"E:\\Studying\\Projects\\redux-starter\\src\\store\\reducer.js","statementMap":{},"fnMap":{},"branchMap":{},"s":{},"f":{},"b":{},"_coverageSchema":"1a1c01bbd47fc00a2c39e90264f33305004495a9","hash":"8b866d41b9eda5a341671d4444db0ca3ac507e9d"}
,"E:\\Studying\\Projects\\redux-starter\\src\\store\\users.js": {"path":"E:\\Studying\\Projects\\redux-starter\\src\\store\\users.js","statementMap":{"0":{"start":{"line":4,"column":13},"end":{"line":4,"column":14}},"1":{"start":{"line":6,"column":14},"end":{"line":17,"column":2}},"2":{"start":{"line":11,"column":3},"end":{"line":14,"column":6}},"3":{"start":{"line":19,"column":29},"end":{"line":19,"column":42}}},"fnMap":{"0":{"name":"(anonymous_0)","decl":{"start":{"line":10,"column":13},"end":{"line":10,"column":14}},"loc":{"start":{"line":10,"column":32},"end":{"line":15,"column":3}},"line":10}},"branchMap":{},"s":{"0":1,"1":1,"2":0,"3":1},"f":{"0":0},"b":{},"_coverageSchema":"1a1c01bbd47fc00a2c39e90264f33305004495a9","hash":"5e6693c59c13001b194df735dd777647ebd15170"}
,"E:\\Studying\\Projects\\redux-starter\\src\\store\\middleware\\api.js": {"path":"E:\\Studying\\Projects\\redux-starter\\src\\store\\middleware\\api.js","statementMap":{"0":{"start":{"line":5,"column":1},"end":{"line":32,"column":2}},"1":{"start":{"line":6,"column":1},"end":{"line":32,"column":2}},"2":{"start":{"line":7,"column":1},"end":{"line":32,"column":2}},"3":{"start":{"line":8,"column":2},"end":{"line":8,"column":69}},"4":{"start":{"line":8,"column":49},"end":{"line":8,"column":69}},"5":{"start":{"line":10,"column":61},"end":{"line":10,"column":75}},"6":{"start":{"line":12,"column":2},"end":{"line":12,"column":43}},"7":{"start":{"line":12,"column":15},"end":{"line":12,"column":43}},"8":{"start":{"line":13,"column":2},"end":{"line":13,"column":15}},"9":{"start":{"line":15,"column":2},"end":{"line":31,"column":3}},"10":{"start":{"line":16,"column":20},"end":{"line":21,"column":5}},"11":{"start":{"line":23,"column":3},"end":{"line":23,"column":51}},"12":{"start":{"line":25,"column":3},"end":{"line":25,"column":72}},"13":{"start":{"line":25,"column":18},"end":{"line":25,"column":72}},"14":{"start":{"line":28,"column":3},"end":{"line":28,"column":50}},"15":{"start":{"line":30,"column":3},"end":{"line":30,"column":68}},"16":{"start":{"line":30,"column":16},"end":{"line":30,"column":68}}},"fnMap":{"0":{"name":"(anonymous_0)","decl":{"start":{"line":5,"column":1},"end":{"line":5,"column":2}},"loc":{"start":{"line":6,"column":1},"end":{"line":32,"column":2}},"line":6},"1":{"name":"(anonymous_1)","decl":{"start":{"line":6,"column":1},"end":{"line":6,"column":2}},"loc":{"start":{"line":7,"column":1},"end":{"line":32,"column":2}},"line":7},"2":{"name":"(anonymous_2)","decl":{"start":{"line":7,"column":1},"end":{"line":7,"column":2}},"loc":{"start":{"line":7,"column":17},"end":{"line":32,"column":2}},"line":7}},"branchMap":{"0":{"loc":{"start":{"line":8,"column":2},"end":{"line":8,"column":69}},"type":"if","locations":[{"start":{"line":8,"column":2},"end":{"line":8,"column":69}},{"start":{},"end":{}}],"line":8},"1":{"loc":{"start":{"line":12,"column":2},"end":{"line":12,"column":43}},"type":"if","locations":[{"start":{"line":12,"column":2},"end":{"line":12,"column":43}},{"start":{},"end":{}}],"line":12},"2":{"loc":{"start":{"line":25,"column":3},"end":{"line":25,"column":72}},"type":"if","locations":[{"start":{"line":25,"column":3},"end":{"line":25,"column":72}},{"start":{},"end":{}}],"line":25},"3":{"loc":{"start":{"line":30,"column":3},"end":{"line":30,"column":68}},"type":"if","locations":[{"start":{"line":30,"column":3},"end":{"line":30,"column":68}},{"start":{},"end":{}}],"line":30}},"s":{"0":1,"1":10,"2":10,"3":36,"4":25,"5":11,"6":11,"7":5,"8":11,"9":11,"10":11,"11":8,"12":8,"13":8,"14":3,"15":3,"16":1},"f":{"0":10,"1":10,"2":36},"b":{"0":[25,11],"1":[5,6],"2":[8,0],"3":[1,2]},"_coverageSchema":"1a1c01bbd47fc00a2c39e90264f33305004495a9","hash":"2575c1307153ff267b2e60586d22a373a777491e"}
,"E:\\Studying\\Projects\\redux-starter\\src\\store\\middleware\\logger.js": {"path":"E:\\Studying\\Projects\\redux-starter\\src\\store\\middleware\\logger.js","statementMap":{"0":{"start":{"line":1,"column":15},"end":{"line":4,"column":1}},"1":{"start":{"line":1,"column":24},"end":{"line":4,"column":1}},"2":{"start":{"line":1,"column":33},"end":{"line":4,"column":1}},"3":{"start":{"line":1,"column":41},"end":{"line":4,"column":1}},"4":{"start":{"line":2,"column":1},"end":{"line":2,"column":31}},"5":{"start":{"line":3,"column":1},"end":{"line":3,"column":21}}},"fnMap":{"0":{"name":"(anonymous_0)","decl":{"start":{"line":1,"column":15},"end":{"line":1,"column":16}},"loc":{"start":{"line":1,"column":24},"end":{"line":4,"column":1}},"line":1},"1":{"name":"(anonymous_1)","decl":{"start":{"line":1,"column":24},"end":{"line":1,"column":25}},"loc":{"start":{"line":1,"column":33},"end":{"line":4,"column":1}},"line":1},"2":{"name":"(anonymous_2)","decl":{"start":{"line":1,"column":33},"end":{"line":1,"column":34}},"loc":{"start":{"line":1,"column":41},"end":{"line":4,"column":1}},"line":1},"3":{"name":"(anonymous_3)","decl":{"start":{"line":1,"column":41},"end":{"line":1,"column":42}},"loc":{"start":{"line":1,"column":51},"end":{"line":4,"column":1}},"line":1}},"branchMap":{},"s":{"0":1,"1":0,"2":0,"3":0,"4":0,"5":0},"f":{"0":0,"1":0,"2":0,"3":0},"b":{},"_coverageSchema":"1a1c01bbd47fc00a2c39e90264f33305004495a9","hash":"576406a85c13a84f3f3ef549610c6e01b74e391b"}
,"E:\\Studying\\Projects\\redux-starter\\src\\store\\middleware\\toast.js": {"path":"E:\\Studying\\Projects\\redux-starter\\src\\store\\middleware\\toast.js","statementMap":{"0":{"start":{"line":1,"column":14},"end":{"line":4,"column":1}},"1":{"start":{"line":1,"column":23},"end":{"line":4,"column":1}},"2":{"start":{"line":1,"column":31},"end":{"line":4,"column":1}},"3":{"start":{"line":2,"column":1},"end":{"line":3,"column":26}},"4":{"start":{"line":2,"column":30},"end":{"line":2,"column":78}},"5":{"start":{"line":3,"column":6},"end":{"line":3,"column":26}}},"fnMap":{"0":{"name":"(anonymous_0)","decl":{"start":{"line":1,"column":14},"end":{"line":1,"column":15}},"loc":{"start":{"line":1,"column":23},"end":{"line":4,"column":1}},"line":1},"1":{"name":"(anonymous_1)","decl":{"start":{"line":1,"column":23},"end":{"line":1,"column":24}},"loc":{"start":{"line":1,"column":31},"end":{"line":4,"column":1}},"line":1},"2":{"name":"(anonymous_2)","decl":{"start":{"line":1,"column":31},"end":{"line":1,"column":32}},"loc":{"start":{"line":1,"column":41},"end":{"line":4,"column":1}},"line":1}},"branchMap":{"0":{"loc":{"start":{"line":2,"column":1},"end":{"line":3,"column":26}},"type":"if","locations":[{"start":{"line":2,"column":1},"end":{"line":3,"column":26}},{"start":{"line":3,"column":6},"end":{"line":3,"column":26}}],"line":2}},"s":{"0":1,"1":10,"2":10,"3":36,"4":0,"5":36},"f":{"0":10,"1":10,"2":36},"b":{"0":[0,36]},"_coverageSchema":"1a1c01bbd47fc00a2c39e90264f33305004495a9","hash":"bbc76c0649f381146be713761d2964088b9e6697"}
}
