TN:
SF:src\math.js
FN:1,(anonymous_0)
FNF:1
FNH:1
FNDA:2,(anonymous_0)
DA:1,2
LF:1
LH:1
BRF:0
BRH:0
end_of_record
TN:
SF:src\store\api.js
FNF:0
FNH:0
DA:3,1
DA:4,1
DA:5,1
LF:3
LH:3
BRF:0
BRH:0
end_of_record
TN:
SF:src\store\bugs.js
FN:15,(anonymous_0)
FN:18,(anonymous_1)
FN:21,(anonymous_2)
FN:26,(anonymous_3)
FN:28,(anonymous_4)
FN:31,(anonymous_5)
FN:34,(anonymous_6)
FN:35,(anonymous_7)
FN:54,(anonymous_8)
FN:54,(anonymous_9)
FN:71,(anonymous_10)
FN:79,(anonymous_11)
FN:88,(anonymous_12)
FN:99,(anonymous_13)
FN:100,(anonymous_14)
FN:101,(anonymous_15)
FN:101,(anonymous_16)
FN:104,(anonymous_17)
FN:106,(anonymous_18)
FN:107,(anonymous_19)
FN:107,(anonymous_20)
FNF:21
FNH:14
FNDA:5,(anonymous_0)
FNDA:1,(anonymous_1)
FNDA:4,(anonymous_2)
FNDA:0,(anonymous_3)
FNDA:0,(anonymous_4)
FNDA:3,(anonymous_5)
FNDA:1,(anonymous_6)
FNDA:1,(anonymous_7)
FNDA:6,(anonymous_8)
FNDA:6,(anonymous_9)
FNDA:4,(anonymous_10)
FNDA:2,(anonymous_11)
FNDA:0,(anonymous_12)
FNDA:1,(anonymous_13)
FNDA:1,(anonymous_14)
FNDA:1,(anonymous_15)
FNDA:3,(anonymous_16)
FNDA:0,(anonymous_17)
FNDA:0,(anonymous_18)
FNDA:0,(anonymous_19)
FNDA:0,(anonymous_20)
DA:6,1
DA:16,5
DA:19,1
DA:22,4
DA:23,4
DA:24,4
DA:27,0
DA:28,0
DA:29,0
DA:32,3
DA:35,1
DA:36,1
DA:48,1
DA:52,1
DA:54,6
DA:55,6
DA:57,6
DA:59,6
DA:61,5
DA:71,1
DA:72,4
DA:79,1
DA:80,2
DA:88,1
DA:89,0
DA:98,1
DA:99,1
DA:100,1
DA:101,3
DA:104,1
DA:105,0
DA:106,0
DA:107,0
LF:33
LH:26
BRDA:59,0,0,1
BRDA:59,0,1,5
BRF:2
BRH:2
end_of_record
TN:
SF:src\store\configureStore.js
FN:7,(anonymous_0)
FNF:1
FNH:1
FNDA:10,(anonymous_0)
DA:8,10
LF:1
LH:1
BRF:0
BRH:0
end_of_record
TN:
SF:src\store\entities.js
FNF:0
FNH:0
LF:0
LH:0
BRF:0
BRH:0
end_of_record
TN:
SF:src\store\projects.js
FN:9,(anonymous_0)
FNF:1
FNH:0
FNDA:0,(anonymous_0)
DA:2,1
DA:4,1
DA:10,0
DA:18,1
LF:4
LH:3
BRF:0
BRH:0
end_of_record
TN:
SF:src\store\reducer.js
FNF:0
FNH:0
LF:0
LH:0
BRF:0
BRH:0
end_of_record
TN:
SF:src\store\users.js
FN:10,(anonymous_0)
FNF:1
FNH:0
FNDA:0,(anonymous_0)
DA:4,1
DA:6,1
DA:11,0
DA:19,1
LF:4
LH:3
BRF:0
BRH:0
end_of_record
TN:
SF:src\store\middleware\api.js
FN:5,(anonymous_0)
FN:6,(anonymous_1)
FN:7,(anonymous_2)
FNF:3
FNH:3
FNDA:10,(anonymous_0)
FNDA:10,(anonymous_1)
FNDA:36,(anonymous_2)
DA:5,1
DA:6,10
DA:7,10
DA:8,36
DA:10,11
DA:12,11
DA:13,11
DA:15,11
DA:16,11
DA:23,8
DA:25,8
DA:28,3
DA:30,3
LF:13
LH:13
BRDA:8,0,0,25
BRDA:8,0,1,11
BRDA:12,1,0,5
BRDA:12,1,1,6
BRDA:25,2,0,8
BRDA:25,2,1,0
BRDA:30,3,0,1
BRDA:30,3,1,2
BRF:8
BRH:7
end_of_record
TN:
SF:src\store\middleware\logger.js
FN:1,(anonymous_0)
FN:1,(anonymous_1)
FN:1,(anonymous_2)
FN:1,(anonymous_3)
FNF:4
FNH:0
FNDA:0,(anonymous_0)
FNDA:0,(anonymous_1)
FNDA:0,(anonymous_2)
FNDA:0,(anonymous_3)
DA:1,1
DA:2,0
DA:3,0
LF:3
LH:1
BRF:0
BRH:0
end_of_record
TN:
SF:src\store\middleware\toast.js
FN:1,(anonymous_0)
FN:1,(anonymous_1)
FN:1,(anonymous_2)
FNF:3
FNH:3
FNDA:10,(anonymous_0)
FNDA:10,(anonymous_1)
FNDA:36,(anonymous_2)
DA:1,10
DA:2,36
DA:3,36
LF:3
LH:3
BRDA:2,0,0,0
BRDA:2,0,1,36
BRF:2
BRH:1
end_of_record
